<?xml version="1.0" encoding="UTF-8"?>
<testng-results skipped="0" failed="0" total="1" passed="1">
  <reporter-output>
  </reporter-output>
  <suite name="Default suite" duration-ms="484" started-at="2016-03-04T04:02:22Z" finished-at="2016-03-04T04:02:22Z">
    <groups>
    </groups>
    <test name="Default test" duration-ms="484" started-at="2016-03-04T04:02:22Z" finished-at="2016-03-04T04:02:22Z">
      <class name="com.core.test.TestXiaoBai">
        <test-method status="PASS" signature="testxb(java.lang.Object)[pri:0, instance:com.core.test.TestXiaoBai@8fc095]" name="testxb" duration-ms="313" started-at="2016-03-04T12:02:22Z" data-provider="testdp" finished-at="2016-03-04T12:02:22Z">
          <params>
            <param index="0">
              <value>
                <![CDATA[4]]>
              </value>
            </param>
          </params>
          <reporter-output>
          </reporter-output>
        </test-method> <!-- testxb -->
      </class> <!-- com.core.test.TestXiaoBai -->
    </test> <!-- Default test -->
  </suite> <!-- Default suite -->
</testng-results>
